<?xml version="1.0" encoding="UTF-8"?>
<robot generator="Robot 3.1.2 (Python 3.8.2 on win32)" generated="20200420 17:04:18.015" rpa="false">
<suite id="s1" name="Test Tasks Update" source="C:\Users\79046\PycharmProjects\untitled\TEST_TASKS_MANAGER\test_tasks_update.robot">
<test id="s1-t1" name="Delete Tasks">
<kw name="Open Tasks Page" library="Resource">
<kw name="Open Browser" library="SeleniumLibrary">
<doc>Opens a new browser instance to the optional ``url``.</doc>
<arguments>
<arg>${TASKS URL}</arg>
<arg>${BROWSER}</arg>
</arguments>
<msg timestamp="20200420 17:04:18.673" level="INFO">Opening browser 'chrome' to base url 'http://localhost:3000/tasks'.</msg>
<status status="PASS" starttime="20200420 17:04:18.673" endtime="20200420 17:04:22.046"></status>
</kw>
<status status="PASS" starttime="20200420 17:04:18.672" endtime="20200420 17:04:22.046"></status>
</kw>
<kw name="Sleep" library="BuiltIn">
<doc>Pauses the test executed for the given time.</doc>
<arguments>
<arg>2 seconds</arg>
</arguments>
<msg timestamp="20200420 17:04:24.048" level="INFO">Slept 2 seconds</msg>
<status status="PASS" starttime="20200420 17:04:22.047" endtime="20200420 17:04:24.048"></status>
</kw>
<kw name="${task} IN [ @{tasks} ]" type="for">
<kw name="${task} = 1" type="foritem">
<kw name="Click Element" library="SeleniumLibrary">
<doc>Click the element identified by ``locator``.</doc>
<arguments>
<arg>css:#root &gt; div &gt; div &gt; main &gt; div &gt; div:nth-child(2) &gt; div:nth-child(1) &gt; div.card-body &gt; div &gt; button:nth-child(2)</arg>
</arguments>
<msg timestamp="20200420 17:04:24.051" level="INFO">Clicking element 'css:#root &gt; div &gt; div &gt; main &gt; div &gt; div:nth-child(2) &gt; div:nth-child(1) &gt; div.card-body &gt; div &gt; button:nth-child(2)'.</msg>
<kw name="Capture Page Screenshot" library="SeleniumLibrary">
<doc>Takes a screenshot of the current page and embeds it into a log file.</doc>
<msg timestamp="20200420 17:04:24.503" level="INFO" html="yes">&lt;/td&gt;&lt;/tr&gt;&lt;tr&gt;&lt;td colspan="3"&gt;&lt;a href="selenium-screenshot-8.png"&gt;&lt;img src="selenium-screenshot-8.png" width="800px"&gt;&lt;/a&gt;</msg>
<status status="PASS" starttime="20200420 17:04:24.087" endtime="20200420 17:04:24.503"></status>
</kw>
<msg timestamp="20200420 17:04:24.507" level="FAIL">Element with locator 'css:#root &gt; div &gt; div &gt; main &gt; div &gt; div:nth-child(2) &gt; div:nth-child(1) &gt; div.card-body &gt; div &gt; button:nth-child(2)' not found.</msg>
<status status="FAIL" starttime="20200420 17:04:24.050" endtime="20200420 17:04:24.507"></status>
</kw>
<status status="FAIL" starttime="20200420 17:04:24.049" endtime="20200420 17:04:24.507"></status>
</kw>
<status status="FAIL" starttime="20200420 17:04:24.049" endtime="20200420 17:04:24.507"></status>
</kw>
<kw name="Close Browser" library="SeleniumLibrary" type="teardown">
<doc>Closes the current browser.</doc>
<status status="PASS" starttime="20200420 17:04:24.508" endtime="20200420 17:04:26.830"></status>
</kw>
<doc>Delete task</doc>
<tags>
<tag>task, delete</tag>
</tags>
<status status="FAIL" starttime="20200420 17:04:18.670" endtime="20200420 17:04:26.831" critical="yes">Element with locator 'css:#root &gt; div &gt; div &gt; main &gt; div &gt; div:nth-child(2) &gt; div:nth-child(1) &gt; div.card-body &gt; div &gt; button:nth-child(2)' not found.</status>
</test>
<doc>TasksManagerTest</doc>
<status status="FAIL" starttime="20200420 17:04:18.019" endtime="20200420 17:04:26.838"></status>
</suite>
<statistics>
<total>
<stat pass="0" fail="1">Critical Tests</stat>
<stat pass="0" fail="1">All Tests</stat>
</total>
<tag>
<stat pass="0" fail="1">task, delete</stat>
</tag>
<suite>
<stat pass="0" fail="1" id="s1" name="Test Tasks Update">Test Tasks Update</stat>
</suite>
</statistics>
<errors>
</errors>
</robot>
